0 info it worked if it ends with ok
1 verbose cli [ '/usr/local/bin/node',
1 verbose cli   '/usr/local/bin/npm',
1 verbose cli   'install',
1 verbose cli   '-g',
1 verbose cli   'gulp-cli',
1 verbose cli   '4.0' ]
2 info using npm@4.1.2
3 info using node@v6.9.5
4 silly loadCurrentTree Starting
5 silly install loadCurrentTree
6 silly install readGlobalPackageData
7 silly fetchPackageMetaData gulp-cli
8 silly fetchPackageMetaData 4.0
9 silly fetchNamedPackageData gulp-cli
10 silly mapToRegistry name gulp-cli
11 silly mapToRegistry using default registry
12 silly mapToRegistry registry https://registry.npmjs.org/
13 silly mapToRegistry data Result {
13 silly mapToRegistry   raw: 'gulp-cli',
13 silly mapToRegistry   scope: null,
13 silly mapToRegistry   escapedName: 'gulp-cli',
13 silly mapToRegistry   name: 'gulp-cli',
13 silly mapToRegistry   rawSpec: '',
13 silly mapToRegistry   spec: 'latest',
13 silly mapToRegistry   type: 'tag' }
14 silly mapToRegistry uri https://registry.npmjs.org/gulp-cli
15 silly fetchNamedPackageData 4.0
16 silly mapToRegistry name 4.0
17 silly mapToRegistry using default registry
18 silly mapToRegistry registry https://registry.npmjs.org/
19 silly mapToRegistry data Result {
19 silly mapToRegistry   raw: '4.0',
19 silly mapToRegistry   scope: null,
19 silly mapToRegistry   escapedName: '4.0',
19 silly mapToRegistry   name: '4.0',
19 silly mapToRegistry   rawSpec: '',
19 silly mapToRegistry   spec: 'latest',
19 silly mapToRegistry   type: 'tag' }
20 silly mapToRegistry uri https://registry.npmjs.org/4.0
21 verbose request uri https://registry.npmjs.org/gulp-cli
22 verbose request no auth needed
23 info attempt registry request try #1 at 9:45:19 PM
24 verbose request id 6adc1cf135fb942f
25 http request GET https://registry.npmjs.org/gulp-cli
26 verbose request uri https://registry.npmjs.org/4.0
27 verbose request no auth needed
28 info attempt registry request try #1 at 9:45:19 PM
29 http request GET https://registry.npmjs.org/4.0
30 http 200 https://registry.npmjs.org/gulp-cli
31 verbose headers { server: 'nginx/1.10.1',
31 verbose headers   'content-type': 'application/json',
31 verbose headers   'last-modified': 'Sat, 21 Jan 2017 11:52:39 GMT',
31 verbose headers   etag: 'W/"58834b87-788a"',
31 verbose headers   'content-encoding': 'gzip',
31 verbose headers   'cache-control': 'max-age=300',
31 verbose headers   'content-length': '5296',
31 verbose headers   'accept-ranges': 'bytes',
31 verbose headers   date: 'Fri, 03 Feb 2017 01:45:19 GMT',
31 verbose headers   via: '1.1 varnish',
31 verbose headers   age: '0',
31 verbose headers   connection: 'keep-alive',
31 verbose headers   'x-served-by': 'cache-mia1324-MIA',
31 verbose headers   'x-cache': 'MISS',
31 verbose headers   'x-cache-hits': '0',
31 verbose headers   'x-timer': 'S1486086319.534420,VS0,VE166',
31 verbose headers   vary: 'Accept-Encoding' }
32 silly get cb [ 200,
32 silly get   { server: 'nginx/1.10.1',
32 silly get     'content-type': 'application/json',
32 silly get     'last-modified': 'Sat, 21 Jan 2017 11:52:39 GMT',
32 silly get     etag: 'W/"58834b87-788a"',
32 silly get     'content-encoding': 'gzip',
32 silly get     'cache-control': 'max-age=300',
32 silly get     'content-length': '5296',
32 silly get     'accept-ranges': 'bytes',
32 silly get     date: 'Fri, 03 Feb 2017 01:45:19 GMT',
32 silly get     via: '1.1 varnish',
32 silly get     age: '0',
32 silly get     connection: 'keep-alive',
32 silly get     'x-served-by': 'cache-mia1324-MIA',
32 silly get     'x-cache': 'MISS',
32 silly get     'x-cache-hits': '0',
32 silly get     'x-timer': 'S1486086319.534420,VS0,VE166',
32 silly get     vary: 'Accept-Encoding' } ]
33 verbose get saving gulp-cli to /Users/sachinrajkumar/.npm/registry.npmjs.org/gulp-cli/.cache.json
34 verbose correctMkdir /Users/sachinrajkumar/.npm correctMkdir not in flight; initializing
35 http 404 https://registry.npmjs.org/4.0
36 verbose headers { 'content-type': 'application/json',
36 verbose headers   'cache-control': 'max-age=0',
36 verbose headers   'content-length': '2',
36 verbose headers   'accept-ranges': 'bytes',
36 verbose headers   date: 'Fri, 03 Feb 2017 01:45:19 GMT',
36 verbose headers   via: '1.1 varnish',
36 verbose headers   age: '0',
36 verbose headers   connection: 'keep-alive',
36 verbose headers   'x-served-by': 'cache-mia1321-MIA',
36 verbose headers   'x-cache': 'MISS',
36 verbose headers   'x-cache-hits': '0',
36 verbose headers   'x-timer': 'S1486086319.535801,VS0,VE372',
36 verbose headers   vary: 'Accept-Encoding' }
37 silly get cb [ 404,
37 silly get   { 'content-type': 'application/json',
37 silly get     'cache-control': 'max-age=0',
37 silly get     'content-length': '2',
37 silly get     'accept-ranges': 'bytes',
37 silly get     date: 'Fri, 03 Feb 2017 01:45:19 GMT',
37 silly get     via: '1.1 varnish',
37 silly get     age: '0',
37 silly get     connection: 'keep-alive',
37 silly get     'x-served-by': 'cache-mia1321-MIA',
37 silly get     'x-cache': 'MISS',
37 silly get     'x-cache-hits': '0',
37 silly get     'x-timer': 'S1486086319.535801,VS0,VE372',
37 silly get     vary: 'Accept-Encoding' } ]
38 silly fetchPackageMetaData Error: Registry returned 404 for GET on https://registry.npmjs.org/4.0
38 silly fetchPackageMetaData     at makeError (/usr/local/lib/node_modules/npm/node_modules/npm-registry-client/lib/request.js:304:12)
38 silly fetchPackageMetaData     at CachingRegistryClient.<anonymous> (/usr/local/lib/node_modules/npm/node_modules/npm-registry-client/lib/request.js:282:14)
38 silly fetchPackageMetaData     at Request._callback (/usr/local/lib/node_modules/npm/node_modules/npm-registry-client/lib/request.js:212:14)
38 silly fetchPackageMetaData     at Request.self.callback (/usr/local/lib/node_modules/npm/node_modules/request/request.js:186:22)
38 silly fetchPackageMetaData     at emitTwo (events.js:106:13)
38 silly fetchPackageMetaData     at Request.emit (events.js:191:7)
38 silly fetchPackageMetaData     at Request.<anonymous> (/usr/local/lib/node_modules/npm/node_modules/request/request.js:1081:10)
38 silly fetchPackageMetaData     at emitOne (events.js:96:13)
38 silly fetchPackageMetaData     at Request.emit (events.js:188:7)
38 silly fetchPackageMetaData     at IncomingMessage.<anonymous> (/usr/local/lib/node_modules/npm/node_modules/request/request.js:1001:12)
38 silly fetchPackageMetaData  error for 4.0 { Error: Registry returned 404 for GET on https://registry.npmjs.org/4.0
38 silly fetchPackageMetaData     at makeError (/usr/local/lib/node_modules/npm/node_modules/npm-registry-client/lib/request.js:304:12)
38 silly fetchPackageMetaData     at CachingRegistryClient.<anonymous> (/usr/local/lib/node_modules/npm/node_modules/npm-registry-client/lib/request.js:282:14)
38 silly fetchPackageMetaData     at Request._callback (/usr/local/lib/node_modules/npm/node_modules/npm-registry-client/lib/request.js:212:14)
38 silly fetchPackageMetaData     at Request.self.callback (/usr/local/lib/node_modules/npm/node_modules/request/request.js:186:22)
38 silly fetchPackageMetaData     at emitTwo (events.js:106:13)
38 silly fetchPackageMetaData     at Request.emit (events.js:191:7)
38 silly fetchPackageMetaData     at Request.<anonymous> (/usr/local/lib/node_modules/npm/node_modules/request/request.js:1081:10)
38 silly fetchPackageMetaData     at emitOne (events.js:96:13)
38 silly fetchPackageMetaData     at Request.emit (events.js:188:7)
38 silly fetchPackageMetaData     at IncomingMessage.<anonymous> (/usr/local/lib/node_modules/npm/node_modules/request/request.js:1001:12) pkgid: '4.0', statusCode: 404, code: 'E404' }
39 silly rollbackFailedOptional Starting
40 verbose stack TypeError: Cannot read property 'path' of null
40 verbose stack     at Object.Installer.rollbackFailedOptional (/usr/local/lib/node_modules/npm/lib/install.js:511:29)
40 verbose stack     at Array.<anonymous> (/usr/local/lib/node_modules/npm/node_modules/slide/lib/bind-actor.js:15:8)
40 verbose stack     at LOOP (/usr/local/lib/node_modules/npm/node_modules/slide/lib/chain.js:15:14)
40 verbose stack     at /usr/local/lib/node_modules/npm/node_modules/slide/lib/chain.js:18:7
40 verbose stack     at /usr/local/lib/node_modules/npm/lib/install.js:337:5
40 verbose stack     at Array.<anonymous> (/usr/local/lib/node_modules/npm/node_modules/slide/lib/bind-actor.js:15:8)
40 verbose stack     at LOOP (/usr/local/lib/node_modules/npm/node_modules/slide/lib/chain.js:15:14)
40 verbose stack     at chain (/usr/local/lib/node_modules/npm/node_modules/slide/lib/chain.js:20:5)
40 verbose stack     at /usr/local/lib/node_modules/npm/lib/install.js:294:5
40 verbose stack     at /usr/local/lib/node_modules/npm/node_modules/slide/lib/chain.js:16:22
41 verbose cwd /Users/sachinrajkumar/Desktop/Project-COMP3990-IRMS/WApp
42 error Darwin 16.4.0
43 error argv "/usr/local/bin/node" "/usr/local/bin/npm" "install" "-g" "gulp-cli" "4.0"
44 error node v6.9.5
45 error npm  v4.1.2
46 error Cannot read property 'path' of null
47 error If you need help, you may report this error at:
47 error     <https://github.com/npm/npm/issues>
48 verbose exit [ 1, true ]
